Using pre-set license
Built from '2021.3/staging' branch; Version is '2021.3.8f1 (b30333d56e81) revision 11731763'; Using compiler version '192829333'; Build Type 'Release'
OS: 'Windows 10  (10.0.19044) 64bit Professional' Language: 'uk' Physical Memory: 16334 MB
BatchMode: 1, IsHumanControllingUs: 0, StartBugReporterOnCrash: 0, Is64bit: 1, IsPro: 1

COMMAND LINE ARGUMENTS:
F:\Unity\2021.3.8f1\Editor\Unity.exe
-adb2
-batchMode
-noUpm
-name
AssetImportWorker4
-projectPath
F:/Unity Projects/My project
-logFile
Logs/AssetImportWorker4.log
-srvPort
61773
Successfully changed project path to: F:/Unity Projects/My project
F:/Unity Projects/My project
[UnityMemory] Configuration Parameters - Can be set up in boot.config
    "memorysetup-bucket-allocator-granularity=16"
    "memorysetup-bucket-allocator-bucket-count=8"
    "memorysetup-bucket-allocator-block-size=33554432"
    "memorysetup-bucket-allocator-block-count=8"
    "memorysetup-main-allocator-block-size=16777216"
    "memorysetup-thread-allocator-block-size=16777216"
    "memorysetup-gfx-main-allocator-block-size=16777216"
    "memorysetup-gfx-thread-allocator-block-size=16777216"
    "memorysetup-cache-allocator-block-size=4194304"
    "memorysetup-typetree-allocator-block-size=2097152"
    "memorysetup-profiler-bucket-allocator-granularity=16"
    "memorysetup-profiler-bucket-allocator-bucket-count=8"
    "memorysetup-profiler-bucket-allocator-block-size=33554432"
    "memorysetup-profiler-bucket-allocator-block-count=8"
    "memorysetup-profiler-allocator-block-size=16777216"
    "memorysetup-profiler-editor-allocator-block-size=1048576"
    "memorysetup-temp-allocator-size-main=16777216"
    "memorysetup-job-temp-allocator-block-size=2097152"
    "memorysetup-job-temp-allocator-block-size-background=1048576"
    "memorysetup-job-temp-allocator-reduction-small-platforms=262144"
    "memorysetup-temp-allocator-size-background-worker=32768"
    "memorysetup-temp-allocator-size-job-worker=262144"
    "memorysetup-temp-allocator-size-preload-manager=33554432"
    "memorysetup-temp-allocator-size-nav-mesh-worker=65536"
    "memorysetup-temp-allocator-size-audio-worker=65536"
    "memorysetup-temp-allocator-size-cloud-worker=32768"
    "memorysetup-temp-allocator-size-gi-baking-worker=262144"
    "memorysetup-temp-allocator-size-gfx=262144"
Refreshing native plugins compatible for Editor in 137.82 ms, found 3 plugins.
Preloading 0 native plugins for Editor in 0.00 ms.
Initialize engine version: 2021.3.8f1 (b30333d56e81)
[Subsystems] Discovering subsystems at path F:/Unity/2021.3.8f1/Editor/Data/Resources/UnitySubsystems
[Subsystems] Discovering subsystems at path F:/Unity Projects/My project/Assets
GfxDevice: creating device client; threaded=0; jobified=0
Direct3D:
    Version:  Direct3D 11.0 [level 11.1]
    Renderer: Radeon RX 590 Series (ID=0x67df)
    Vendor:   ATI
    VRAM:     8170 MB
    Driver:   30.0.21017.1000
Shader 'WFX/Transparent Diffuse': fallback shader 'Particles/Alpha Blended' not found
Shader 'WFX/Transparent Specular': fallback shader 'Particles/Alpha Blended' not found
Initialize mono
Mono path[0] = 'F:/Unity/2021.3.8f1/Editor/Data/Managed'
Mono path[1] = 'F:/Unity/2021.3.8f1/Editor/Data/MonoBleedingEdge/lib/mono/unityjit-win32'
Mono config path = 'F:/Unity/2021.3.8f1/Editor/Data/MonoBleedingEdge/etc'
Using monoOptions --debugger-agent=transport=dt_socket,embedding=1,server=y,suspend=n,address=127.0.0.1:56440
Begin MonoManager ReloadAssembly
Registering precompiled unity dll's ...
Register platform support module: F:/Unity/2021.3.8f1/Editor/Data/PlaybackEngines/WebGLSupport/UnityEditor.WebGL.Extensions.dll
Register platform support module: F:/Unity/2021.3.8f1/Editor/Data/PlaybackEngines/WindowsStandaloneSupport/UnityEditor.WindowsStandalone.Extensions.dll
Registered in 0.003151 seconds.
Native extension for WindowsStandalone target not found
Native extension for WebGL target not found
Refreshing native plugins compatible for Editor in 129.13 ms, found 3 plugins.
Preloading 0 native plugins for Editor in 0.00 ms.
Mono: successfully reloaded assembly
- Completed reload, in  0.712 seconds
Domain Reload Profiling:
	ReloadAssembly (712ms)
		BeginReloadAssembly (68ms)
			ExecutionOrderSort (0ms)
			DisableScriptedObjects (0ms)
			BackupInstance (0ms)
			ReleaseScriptingObjects (0ms)
			CreateAndSetChildDomain (1ms)
		EndReloadAssembly (533ms)
			LoadAssemblies (67ms)
			RebuildTransferFunctionScriptingTraits (0ms)
			SetupTypeCache (113ms)
			ReleaseScriptCaches (0ms)
			RebuildScriptCaches (29ms)
			SetupLoadedEditorAssemblies (339ms)
				LogAssemblyErrors (0ms)
				InitializePlatformSupportModulesInManaged (8ms)
				SetLoadedEditorAssemblies (0ms)
				RefreshPlugins (129ms)
				BeforeProcessingInitializeOnLoad (1ms)
				ProcessInitializeOnLoadAttributes (151ms)
				ProcessInitializeOnLoadMethodAttributes (48ms)
				AfterProcessingInitializeOnLoad (0ms)
				EditorAssembliesLoaded (0ms)
			ExecutionOrderSort2 (0ms)
			AwakeInstancesAfterBackupRestoration (0ms)
Platform modules already initialized, skipping
Registering precompiled user dll's ...
Registered in 0.004691 seconds.
Begin MonoManager ReloadAssembly
Symbol file LoadedFromMemory doesn't match image F:\Unity Projects\My project\Library\PackageCache\com.unity.visualscripting@1.7.8\Editor\VisualScripting.Core\Dependencies\YamlDotNet\Unity.VisualScripting.YamlDotNet.dll
Symbol file LoadedFromMemory doesn't match image F:\Unity Projects\My project\Library\PackageCache\com.unity.visualscripting@1.7.8\Editor\VisualScripting.Core\Dependencies\DotNetZip\Unity.VisualScripting.IonicZip.dll
Native extension for WindowsStandalone target not found
Native extension for WebGL target not found
Refreshing native plugins compatible for Editor in 128.10 ms, found 3 plugins.
Preloading 0 native plugins for Editor in 0.00 ms.
Mono: successfully reloaded assembly
- Completed reload, in  1.341 seconds
Domain Reload Profiling:
	ReloadAssembly (1342ms)
		BeginReloadAssembly (114ms)
			ExecutionOrderSort (0ms)
			DisableScriptedObjects (6ms)
			BackupInstance (0ms)
			ReleaseScriptingObjects (0ms)
			CreateAndSetChildDomain (19ms)
		EndReloadAssembly (1105ms)
			LoadAssemblies (91ms)
			RebuildTransferFunctionScriptingTraits (0ms)
			SetupTypeCache (302ms)
			ReleaseScriptCaches (1ms)
			RebuildScriptCaches (64ms)
			SetupLoadedEditorAssemblies (605ms)
				LogAssemblyErrors (0ms)
				InitializePlatformSupportModulesInManaged (5ms)
				SetLoadedEditorAssemblies (0ms)
				RefreshPlugins (128ms)
				BeforeProcessingInitializeOnLoad (92ms)
				ProcessInitializeOnLoadAttributes (341ms)
				ProcessInitializeOnLoadMethodAttributes (35ms)
				AfterProcessingInitializeOnLoad (4ms)
				EditorAssembliesLoaded (0ms)
			ExecutionOrderSort2 (0ms)
			AwakeInstancesAfterBackupRestoration (7ms)
Platform modules already initialized, skipping
========================================================================
Worker process is ready to serve import requests
Shader 'WFX/Transparent Specular': fallback shader 'Particles/Alpha Blended' not found
Shader 'WFX/Transparent Diffuse': fallback shader 'Particles/Alpha Blended' not found
Launched and connected shader compiler UnityShaderCompiler.exe after 0.05 seconds
Refreshing native plugins compatible for Editor in 0.96 ms, found 3 plugins.
Preloading 0 native plugins for Editor in 0.00 ms.
Unloading 4048 Unused Serialized files (Serialized files now loaded: 0)
Unloading 44 unused Assets / (1.3 MB). Loaded Objects now: 4535.
Memory consumption went from 301.0 MB to 299.7 MB.
Total: 3.856900 ms (FindLiveObjects: 0.324500 ms CreateObjectMapping: 0.108900 ms MarkObjects: 3.136100 ms  DeleteObjects: 0.286500 ms)

AssetImportParameters requested are different than current active one (requested -> active):
  custom:video-decoder-ogg-theora: a1e56fd34408186e4bbccfd4996cb3dc -> 
  custom:container-muxer-webm: aa71ff27fc2769a1b78a27578f13a17b -> 
  custom:container-demuxer-webm: 4f35f7cbe854078d1ac9338744f61a02 -> 
  custom:video-encoder-webm-vp8: eb34c28f22e8b96e1ab97ce403110664 -> 
  custom:video-codec-MediaFoundation-h265: 746d11721c4dcdbdad8f713fa42b33f4 -> 
  custom:audio-encoder-webm-vorbis: bf7c407c2cedff20999df2af8eb42d56 -> 
  custom:framework-win-MediaFoundation: 216162199b28c13a410421893ffa2e32 -> 
  custom:container-demuxer-ogg: 62fdf1f143b41e24485cea50d1cbac27 -> 
  custom:video-decoder-webm-vp8: 9c59270c3fd7afecdb556c50c9e8de78 -> 
  custom:audio-decoder-ogg-vorbis: bf7c407c2cedff20999df2af8eb42d56 -> 
========================================================================
Received Import Request.
  Time since last request: 568464.078336 seconds.
  path: Assets/JMO Assets/WarFX/_Effects/MuzzleFlashes
  artifactKey: Guid(b762e6e4a0af522409158eb257454f9e) Importer(815301076,1909f56bfc062723c751e8b465ee728b)
Start importing Assets/JMO Assets/WarFX/_Effects/MuzzleFlashes using Guid(b762e6e4a0af522409158eb257454f9e) Importer(815301076,1909f56bfc062723c751e8b465ee728b)  -> (artifact id: 'af8fc44d6736e5d2343bcfa01e8f4ae4') in 0.011577 seconds 
========================================================================
Received Import Request.
  Time since last request: 1.277068 seconds.
  path: Assets/JMO Assets/WarFX/_Effects (Mobile)/MuzzleFlashes
  artifactKey: Guid(d02b6b21ba730ad429ea99052d3aa296) Importer(815301076,1909f56bfc062723c751e8b465ee728b)
Start importing Assets/JMO Assets/WarFX/_Effects (Mobile)/MuzzleFlashes using Guid(d02b6b21ba730ad429ea99052d3aa296) Importer(815301076,1909f56bfc062723c751e8b465ee728b)  -> (artifact id: 'ea611022012d30c32ecf3d3da70550ae') in 0.001697 seconds 
========================================================================
Received Import Request.
  Time since last request: 2.414361 seconds.
  path: Assets/JMO Assets/WarFX/Desktop/Materials/MuzzleFlashes
  artifactKey: Guid(5683016f5db973341bd187fdebc81d81) Importer(815301076,1909f56bfc062723c751e8b465ee728b)
Start importing Assets/JMO Assets/WarFX/Desktop/Materials/MuzzleFlashes using Guid(5683016f5db973341bd187fdebc81d81) Importer(815301076,1909f56bfc062723c751e8b465ee728b)  -> (artifact id: '6b4e9c195f69bb4408439cbac50afd2d') in 0.001926 seconds 
========================================================================
Received Import Request.
  Time since last request: 5.487798 seconds.
  path: Assets/JMO Assets/WarFX/_Effects/MuzzleFlashes/FPS
  artifactKey: Guid(6f91af9a955994547876348364b932d4) Importer(815301076,1909f56bfc062723c751e8b465ee728b)
Start importing Assets/JMO Assets/WarFX/_Effects/MuzzleFlashes/FPS using Guid(6f91af9a955994547876348364b932d4) Importer(815301076,1909f56bfc062723c751e8b465ee728b)  -> (artifact id: '4fd8dfa40a693365642a7dc4ba7027af') in 0.005339 seconds 
========================================================================
Received Import Request.
  Time since last request: 0.064939 seconds.
  path: Assets/JMO Assets/WarFX/_Effects/MuzzleFlashes/FPS/WFX_MF FPS RIFLE1.prefab
  artifactKey: Guid(30b4cc2728d8cec499fad63ba93785a4) Importer(815301076,1909f56bfc062723c751e8b465ee728b)
Start importing Assets/JMO Assets/WarFX/_Effects/MuzzleFlashes/FPS/WFX_MF FPS RIFLE1.prefab using Guid(30b4cc2728d8cec499fad63ba93785a4) Importer(815301076,1909f56bfc062723c751e8b465ee728b)  -> (artifact id: 'be93176bca1bd851e3bad1fa3cc034c2') in 0.132182 seconds 
========================================================================
Received Import Request.
  Time since last request: 1.884415 seconds.
  path: Assets/JMO Assets/WarFX/_Effects/MuzzleFlashes/Sprites
  artifactKey: Guid(e6c628edc61af52478ca4c4e510f03bb) Importer(815301076,1909f56bfc062723c751e8b465ee728b)
Start importing Assets/JMO Assets/WarFX/_Effects/MuzzleFlashes/Sprites using Guid(e6c628edc61af52478ca4c4e510f03bb) Importer(815301076,1909f56bfc062723c751e8b465ee728b)  -> (artifact id: 'e77326eebfafe08b7d65d39319c3cc33') in 0.005330 seconds 
========================================================================
Received Import Request.
  Time since last request: 0.060007 seconds.
  path: Assets/JMO Assets/WarFX/_Effects/MuzzleFlashes/Sprites/WFX_MF Spr RIFLE1.prefab
  artifactKey: Guid(7e9c50938e32351438a7df9ccad2f2a5) Importer(815301076,1909f56bfc062723c751e8b465ee728b)
Start importing Assets/JMO Assets/WarFX/_Effects/MuzzleFlashes/Sprites/WFX_MF Spr RIFLE1.prefab using Guid(7e9c50938e32351438a7df9ccad2f2a5) Importer(815301076,1909f56bfc062723c751e8b465ee728b)  -> (artifact id: '253dd1a18968ebc989f74ccb997911af') in 0.030287 seconds 
========================================================================
Received Import Request.
  Time since last request: 17.368696 seconds.
  path: Assets/JMO Assets/WarFX/Mobile/Textures/MuzzleFlashes
  artifactKey: Guid(31e0aba18d4c3a249aa70e12b3ed3d06) Importer(815301076,1909f56bfc062723c751e8b465ee728b)
Start importing Assets/JMO Assets/WarFX/Mobile/Textures/MuzzleFlashes using Guid(31e0aba18d4c3a249aa70e12b3ed3d06) Importer(815301076,1909f56bfc062723c751e8b465ee728b)  -> (artifact id: '02e7254aaf361d023cc8a7c4bdf7e2ad') in 0.001841 seconds 
========================================================================
Received Import Request.
  Time since last request: 0.263304 seconds.
  path: Assets/JMO Assets/WarFX/Mobile/Textures/MuzzleFlashes/WFXM_T_MF FrontRear RIFLE1 A8.png
  artifactKey: Guid(c3a593d4e93cf6c42b290b4ba179292d) Importer(815301076,1909f56bfc062723c751e8b465ee728b)
Start importing Assets/JMO Assets/WarFX/Mobile/Textures/MuzzleFlashes/WFXM_T_MF FrontRear RIFLE1 A8.png using Guid(c3a593d4e93cf6c42b290b4ba179292d) Importer(815301076,1909f56bfc062723c751e8b465ee728b)  -> (artifact id: 'b0c3e4cb198b902aed81d1f42aa982e7') in 0.065045 seconds 
========================================================================
Received Import Request.
  Time since last request: 0.000020 seconds.
  path: Assets/JMO Assets/WarFX/Mobile/Textures/MuzzleFlashes/WFXM_T_MF Sparks RIFLE2 A8.tga
  artifactKey: Guid(e5bdef96f2433ec48bd681d41f37d62c) Importer(815301076,1909f56bfc062723c751e8b465ee728b)
Start importing Assets/JMO Assets/WarFX/Mobile/Textures/MuzzleFlashes/WFXM_T_MF Sparks RIFLE2 A8.tga using Guid(e5bdef96f2433ec48bd681d41f37d62c) Importer(815301076,1909f56bfc062723c751e8b465ee728b)  -> (artifact id: '0a6b37bdb440e11884297a58eb82b3d6') in 0.014354 seconds 
========================================================================
Received Import Request.
  Time since last request: 28.549918 seconds.
  path: Assets/JMO Assets/WarFX/Desktop/Textures/MuzzleFlashes
  artifactKey: Guid(14c4ec0d6472bf44aa3beef0a8e593c4) Importer(815301076,1909f56bfc062723c751e8b465ee728b)
Start importing Assets/JMO Assets/WarFX/Desktop/Textures/MuzzleFlashes using Guid(14c4ec0d6472bf44aa3beef0a8e593c4) Importer(815301076,1909f56bfc062723c751e8b465ee728b)  -> (artifact id: '1d0fc47fe9f92f5452e7cb722d897060') in 0.001706 seconds 
========================================================================
Received Import Request.
  Time since last request: 0.448286 seconds.
  path: Assets/JMO Assets/WarFX/Mobile/Materials/MuzzleFlashes
  artifactKey: Guid(3250ef24f16b307479a4e78902491208) Importer(815301076,1909f56bfc062723c751e8b465ee728b)
Start importing Assets/JMO Assets/WarFX/Mobile/Materials/MuzzleFlashes using Guid(3250ef24f16b307479a4e78902491208) Importer(815301076,1909f56bfc062723c751e8b465ee728b)  -> (artifact id: '494e347a78af7bcbb56fcee82532d33f') in 0.001728 seconds 
========================================================================
Received Import Request.
  Time since last request: 13.186624 seconds.
  path: Assets/JMO Assets/WarFX/_Effects/MuzzleFlashes/!MuzzleFlash Differences.txt
  artifactKey: Guid(e208b77305c329c4e8114e5aac694a38) Importer(815301076,1909f56bfc062723c751e8b465ee728b)
Start importing Assets/JMO Assets/WarFX/_Effects/MuzzleFlashes/!MuzzleFlash Differences.txt using Guid(e208b77305c329c4e8114e5aac694a38) Importer(815301076,1909f56bfc062723c751e8b465ee728b)  -> (artifact id: '20ba9771add18c70f273542f6c050f6a') in 0.009025 seconds 
========================================================================
Received Import Request.
  Time since last request: 1.334846 seconds.
  path: Assets/JMO Assets/WarFX/_Effects (Mobile)/MuzzleFlashes/!MuzzleFlash Differences.txt
  artifactKey: Guid(1670e5f7dde5d794787d81b1a3048aa4) Importer(815301076,1909f56bfc062723c751e8b465ee728b)
Start importing Assets/JMO Assets/WarFX/_Effects (Mobile)/MuzzleFlashes/!MuzzleFlash Differences.txt using Guid(1670e5f7dde5d794787d81b1a3048aa4) Importer(815301076,1909f56bfc062723c751e8b465ee728b)  -> (artifact id: '26cf2e822db22f2c5bd423df4ca139f1') in 0.002025 seconds 
========================================================================
Received Import Request.
  Time since last request: 7.713138 seconds.
  path: Assets/JMO Assets/WarFX/Desktop/Materials/MuzzleFlashes/WFX_M_MF FrontRear RIFLE1.mat
  artifactKey: Guid(f75cfa7d313f4ca4a9a0367922a04e8b) Importer(815301076,1909f56bfc062723c751e8b465ee728b)
Start importing Assets/JMO Assets/WarFX/Desktop/Materials/MuzzleFlashes/WFX_M_MF FrontRear RIFLE1.mat using Guid(f75cfa7d313f4ca4a9a0367922a04e8b) Importer(815301076,1909f56bfc062723c751e8b465ee728b)  -> (artifact id: '341e95d47a38353108f602edffb9633b') in 0.046519 seconds 
========================================================================
Received Import Request.
  Time since last request: 0.000024 seconds.
  path: Assets/JMO Assets/WarFX/Desktop/Materials/MuzzleFlashes/WFX_M_MF Sparks RIFLE1.mat
  artifactKey: Guid(86b250a0578090746840c6eda8a93c9b) Importer(815301076,1909f56bfc062723c751e8b465ee728b)
Start importing Assets/JMO Assets/WarFX/Desktop/Materials/MuzzleFlashes/WFX_M_MF Sparks RIFLE1.mat using Guid(86b250a0578090746840c6eda8a93c9b) Importer(815301076,1909f56bfc062723c751e8b465ee728b)  -> (artifact id: 'bd5393e240d05acc7f54a70084a751cc') in 0.023395 seconds 
========================================================================
Received Import Request.
  Time since last request: 15.958622 seconds.
  path: Assets/JMO Assets/WarFX/_Effects
  artifactKey: Guid(71faefa77e7fc274fa230519616d3c3f) Importer(815301076,1909f56bfc062723c751e8b465ee728b)
Start importing Assets/JMO Assets/WarFX/_Effects using Guid(71faefa77e7fc274fa230519616d3c3f) Importer(815301076,1909f56bfc062723c751e8b465ee728b)  -> (artifact id: '38a18adc2b769b8b257a92c46c3cc0aa') in 0.005238 seconds 
========================================================================
Received Import Request.
  Time since last request: 5.286929 seconds.
  path: Assets/JMO Assets/WarFX/_Effects/MuzzleFlashes/4Planes
  artifactKey: Guid(0224ad3794d722f4f9ecdc6ecaac8296) Importer(815301076,1909f56bfc062723c751e8b465ee728b)
Start importing Assets/JMO Assets/WarFX/_Effects/MuzzleFlashes/4Planes using Guid(0224ad3794d722f4f9ecdc6ecaac8296) Importer(815301076,1909f56bfc062723c751e8b465ee728b)  -> (artifact id: '87c757e8cb9c24f3f7ae3b52f1107283') in 0.005444 seconds 
========================================================================
Received Import Request.
  Time since last request: 0.090774 seconds.
  path: Assets/JMO Assets/WarFX/_Effects/MuzzleFlashes/4Planes/WFX_MF 4P RIFLE1.prefab
  artifactKey: Guid(c888f0c922d622147bbdbe2ca794142b) Importer(815301076,1909f56bfc062723c751e8b465ee728b)
Start importing Assets/JMO Assets/WarFX/_Effects/MuzzleFlashes/4Planes/WFX_MF 4P RIFLE1.prefab using Guid(c888f0c922d622147bbdbe2ca794142b) Importer(815301076,1909f56bfc062723c751e8b465ee728b)  -> (artifact id: '150493987c73afd68999e827e1fe34e9') in 0.019503 seconds 
========================================================================
Received Import Request.
  Time since last request: 1.581759 seconds.
  path: Assets/JMO Assets/WarFX/Mesh/Plane1x1.FBX
  artifactKey: Guid(9d0862121c112ec4abc229920df08581) Importer(815301076,1909f56bfc062723c751e8b465ee728b)
Start importing Assets/JMO Assets/WarFX/Mesh/Plane1x1.FBX using Guid(9d0862121c112ec4abc229920df08581) Importer(815301076,1909f56bfc062723c751e8b465ee728b)  -> (artifact id: '08c8324042b761a05f0f47d0524f5009') in 0.049616 seconds 
